This file contains any messages produced by compilers while
running configure, to aid debugging if configure makes a mistake.

It was created by sandbox configure 0.3.3, which was
generated by GNU Autoconf 2.67.  Invocation command line was

  $ ./configure 

## --------- ##
## Platform. ##
## --------- ##

hostname = ltsp2
uname -m = x86_64
uname -r = 2.6.36-domU
uname -s = Linux
uname -v = #3 SMP Sun Jan 16 18:02:22 EST 2011

/usr/bin/uname -p = Intel(R) Xeon(R) CPU E5520 @ 2.27GHz
/bin/uname -X     = unknown

/bin/arch              = unknown
/usr/bin/arch -k       = unknown
/usr/convex/getsysinfo = unknown
/usr/bin/hostinfo      = unknown
/bin/machine           = unknown
/usr/bin/oslevel       = unknown
/bin/universe          = unknown

PATH: /usr/local/bin
PATH: /usr/bin
PATH: /bin
PATH: /opt/bin
PATH: /usr/x86_64-pc-linux-gnu/gcc-bin/4.5.3
PATH: /opt/intel/idbe/10.0.026/bin
PATH: /opt/xmt
PATH: /opt/xmt/bin
PATH: /opt/mathematica/bin
PATH: /opt/android-sdk-update-manager/tools
PATH: /opt/android-sdk-update-manager/platform-tools
PATH: /usr/games/bin
PATH: /afs/csl.tjhsst.edu/students/2014/2014sare/bin
PATH: /afs/csl.tjhsst.edu/students/2012/2012ishvets/public/bin


## ----------- ##
## Core tests. ##
## ----------- ##

configure:2185: checking for /proc filesystem
configure:2188: result: yes
configure:2251: checking for gcc
configure:2267: found /usr/bin/gcc
configure:2278: result: gcc
configure:2507: checking for C compiler version
configure:2516: gcc --version >&5
gcc (Gentoo 4.5.3-r1 p1.0, pie-0.4.5) 4.5.3
Copyright (C) 2010 Free Software Foundation, Inc.
This is free software; see the source for copying conditions.  There is NO
warranty; not even for MERCHANTABILITY or FITNESS FOR A PARTICULAR PURPOSE.

configure:2527: $? = 0
configure:2516: gcc -v >&5
Using built-in specs.
COLLECT_GCC=/usr/x86_64-pc-linux-gnu/gcc-bin/4.5.3/gcc
COLLECT_LTO_WRAPPER=/usr/libexec/gcc/x86_64-pc-linux-gnu/4.5.3/lto-wrapper
Target: x86_64-pc-linux-gnu
Configured with: /var/tmp/portage/sys-devel/gcc-4.5.3-r1/work/gcc-4.5.3/configure --prefix=/usr --bindir=/usr/x86_64-pc-linux-gnu/gcc-bin/4.5.3 --includedir=/usr/lib/gcc/x86_64-pc-linux-gnu/4.5.3/include --datadir=/usr/share/gcc-data/x86_64-pc-linux-gnu/4.5.3 --mandir=/usr/share/gcc-data/x86_64-pc-linux-gnu/4.5.3/man --infodir=/usr/share/gcc-data/x86_64-pc-linux-gnu/4.5.3/info --with-gxx-include-dir=/usr/lib/gcc/x86_64-pc-linux-gnu/4.5.3/include/g++-v4 --host=x86_64-pc-linux-gnu --build=x86_64-pc-linux-gnu --disable-altivec --disable-fixed-point --without-ppl --without-cloog --disable-lto --enable-nls --without-included-gettext --with-system-zlib --disable-werror --enable-secureplt --enable-multilib --enable-libmudflap --disable-libssp --enable-libgomp --with-python-dir=/share/gcc-data/x86_64-pc-linux-gnu/4.5.3/python --enable-checking=release --enable-java-awt=gtk --enable-languages=c,c++,java,objc,fortran --enable-shared --enable-threads=posix --enable-__cxa_atexit --enable-clocale=gnu --enable-targets=all --with-bugurl=http://bugs.gentoo.org/ --with-pkgversion='Gentoo 4.5.3-r1 p1.0, pie-0.4.5'
Thread model: posix
gcc version 4.5.3 (Gentoo 4.5.3-r1 p1.0, pie-0.4.5) 
configure:2527: $? = 0
configure:2516: gcc -V >&5
gcc: '-V' option must have argument
configure:2527: $? = 1
configure:2516: gcc -qversion >&5
gcc: unrecognized option '-qversion'
gcc: no input files
configure:2527: $? = 1
configure:2547: checking whether the C compiler works
configure:2569: gcc -Wall -g0 -O3 -ansi -std=gnu99 -fPIC -pthread -Isrc -D SANDBOX  -D NDEBUG -U DEBUG   conftest.c  >&5
configure:2573: $? = 0
configure:2621: result: yes
configure:2624: checking for C compiler default output file name
configure:2626: result: a.out
configure:2632: checking for suffix of executables
configure:2639: gcc -o conftest -Wall -g0 -O3 -ansi -std=gnu99 -fPIC -pthread -Isrc -D SANDBOX  -D NDEBUG -U DEBUG   conftest.c  >&5
configure:2643: $? = 0
configure:2665: result: 
configure:2687: checking whether we are cross compiling
configure:2695: gcc -o conftest -Wall -g0 -O3 -ansi -std=gnu99 -fPIC -pthread -Isrc -D SANDBOX  -D NDEBUG -U DEBUG   conftest.c  >&5
configure:2699: $? = 0
configure:2706: ./conftest
configure:2710: $? = 0
configure:2725: result: no
configure:2730: checking for suffix of object files
configure:2752: gcc -c -Wall -g0 -O3 -ansi -std=gnu99 -fPIC -pthread -Isrc -D SANDBOX  -D NDEBUG -U DEBUG  conftest.c >&5
configure:2756: $? = 0
configure:2777: result: o
configure:2781: checking whether we are using the GNU C compiler
configure:2800: gcc -c -Wall -g0 -O3 -ansi -std=gnu99 -fPIC -pthread -Isrc -D SANDBOX  -D NDEBUG -U DEBUG  conftest.c >&5
configure:2800: $? = 0
configure:2809: result: yes
configure:2818: checking whether gcc accepts -g
configure:2838: gcc -c -g  conftest.c >&5
configure:2838: $? = 0
configure:2879: result: yes
configure:2896: checking for gcc option to accept ISO C89
configure:2960: gcc  -c -Wall -g0 -O3 -ansi -std=gnu99 -fPIC -pthread -Isrc -D SANDBOX  -D NDEBUG -U DEBUG  conftest.c >&5
configure:2960: $? = 0
configure:2973: result: none needed
configure:2997: checking for gawk
configure:3013: found /usr/bin/gawk
configure:3024: result: gawk
configure:3078: checking for a BSD-compatible install
configure:3146: result: /usr/bin/install -c
configure:3157: checking whether ln -s works
configure:3161: result: yes
configure:3168: checking for a thread-safe mkdir -p
configure:3207: result: /bin/mkdir -p
configure:3212: checking for ar
configure:3230: found /usr/bin/ar
configure:3242: result: /usr/bin/ar
configure:3252: checking for tar
configure:3270: found /bin/tar
configure:3282: result: /bin/tar
configure:3293: checking for clock_getcpuclockid, clock_create, clock_gettime, timer_create, timer_settime, timer_delete in -lrt
configure:3318: gcc -o conftest -Wall -g0 -O3 -ansi -std=gnu99 -fPIC -pthread -Isrc -D SANDBOX  -D NDEBUG -U DEBUG   conftest.c -lrt   >&5
conftest.c: In function 'main':
conftest.c:22:27: warning: left-hand operand of comma expression has no effect
conftest.c:22:41: warning: left-hand operand of comma expression has no effect
conftest.c:22:56: warning: left-hand operand of comma expression has no effect
conftest.c:22:70: warning: left-hand operand of comma expression has no effect
conftest.c:22:85: warning: left-hand operand of comma expression has no effect
configure:3318: $? = 0
configure:3327: result: yes
configure:3345: checking how to run the C preprocessor
configure:3376: gcc -E  conftest.c
configure:3376: $? = 0
configure:3390: gcc -E  conftest.c
conftest.c:12:28: fatal error: ac_nonexistent.h: No such file or directory
compilation terminated.
configure:3390: $? = 1
configure: failed program was:
| /* confdefs.h */
| #define PACKAGE_NAME "sandbox"
| #define PACKAGE_TARNAME "sandbox"
| #define PACKAGE_VERSION "0.3.3"
| #define PACKAGE_STRING "sandbox 0.3.3"
| #define PACKAGE_BUGREPORT ""
| #define PACKAGE_URL "http://sourceforge.net/project/libsandbox"
| #define HAVE_PROCFS 1
| #define PROCFS "/proc"
| #define HAVE_LIBRT 1
| /* end confdefs.h.  */
| #include <ac_nonexistent.h>
configure:3415: result: gcc -E
configure:3435: gcc -E  conftest.c
configure:3435: $? = 0
configure:3449: gcc -E  conftest.c
conftest.c:12:28: fatal error: ac_nonexistent.h: No such file or directory
compilation terminated.
configure:3449: $? = 1
configure: failed program was:
| /* confdefs.h */
| #define PACKAGE_NAME "sandbox"
| #define PACKAGE_TARNAME "sandbox"
| #define PACKAGE_VERSION "0.3.3"
| #define PACKAGE_STRING "sandbox 0.3.3"
| #define PACKAGE_BUGREPORT ""
| #define PACKAGE_URL "http://sourceforge.net/project/libsandbox"
| #define HAVE_PROCFS 1
| #define PROCFS "/proc"
| #define HAVE_LIBRT 1
| /* end confdefs.h.  */
| #include <ac_nonexistent.h>
configure:3478: checking for grep that handles long lines and -e
configure:3536: result: /bin/grep
configure:3541: checking for egrep
configure:3603: result: /bin/grep -E
configure:3608: checking for ANSI C header files
configure:3628: gcc -c -Wall -g0 -O3 -ansi -std=gnu99 -fPIC -pthread -Isrc -D SANDBOX  -D NDEBUG -U DEBUG  conftest.c >&5
configure:3628: $? = 0
configure:3701: gcc -o conftest -Wall -g0 -O3 -ansi -std=gnu99 -fPIC -pthread -Isrc -D SANDBOX  -D NDEBUG -U DEBUG   conftest.c -lrt  >&5
configure:3701: $? = 0
configure:3701: ./conftest
configure:3701: $? = 0
configure:3712: result: yes
configure:3725: checking for sys/types.h
configure:3725: gcc -c -Wall -g0 -O3 -ansi -std=gnu99 -fPIC -pthread -Isrc -D SANDBOX  -D NDEBUG -U DEBUG  conftest.c >&5
configure:3725: $? = 0
configure:3725: result: yes
configure:3725: checking for sys/stat.h
configure:3725: gcc -c -Wall -g0 -O3 -ansi -std=gnu99 -fPIC -pthread -Isrc -D SANDBOX  -D NDEBUG -U DEBUG  conftest.c >&5
configure:3725: $? = 0
configure:3725: result: yes
configure:3725: checking for stdlib.h
configure:3725: gcc -c -Wall -g0 -O3 -ansi -std=gnu99 -fPIC -pthread -Isrc -D SANDBOX  -D NDEBUG -U DEBUG  conftest.c >&5
configure:3725: $? = 0
configure:3725: result: yes
configure:3725: checking for string.h
configure:3725: gcc -c -Wall -g0 -O3 -ansi -std=gnu99 -fPIC -pthread -Isrc -D SANDBOX  -D NDEBUG -U DEBUG  conftest.c >&5
configure:3725: $? = 0
configure:3725: result: yes
configure:3725: checking for memory.h
configure:3725: gcc -c -Wall -g0 -O3 -ansi -std=gnu99 -fPIC -pthread -Isrc -D SANDBOX  -D NDEBUG -U DEBUG  conftest.c >&5
configure:3725: $? = 0
configure:3725: result: yes
configure:3725: checking for strings.h
configure:3725: gcc -c -Wall -g0 -O3 -ansi -std=gnu99 -fPIC -pthread -Isrc -D SANDBOX  -D NDEBUG -U DEBUG  conftest.c >&5
configure:3725: $? = 0
configure:3725: result: yes
configure:3725: checking for inttypes.h
configure:3725: gcc -c -Wall -g0 -O3 -ansi -std=gnu99 -fPIC -pthread -Isrc -D SANDBOX  -D NDEBUG -U DEBUG  conftest.c >&5
configure:3725: $? = 0
configure:3725: result: yes
configure:3725: checking for stdint.h
configure:3725: gcc -c -Wall -g0 -O3 -ansi -std=gnu99 -fPIC -pthread -Isrc -D SANDBOX  -D NDEBUG -U DEBUG  conftest.c >&5
configure:3725: $? = 0
configure:3725: result: yes
configure:3725: checking for unistd.h
configure:3725: gcc -c -Wall -g0 -O3 -ansi -std=gnu99 -fPIC -pthread -Isrc -D SANDBOX  -D NDEBUG -U DEBUG  conftest.c >&5
configure:3725: $? = 0
configure:3725: result: yes
configure:3740: checking fcntl.h usability
configure:3740: gcc -c -Wall -g0 -O3 -ansi -std=gnu99 -fPIC -pthread -Isrc -D SANDBOX  -D NDEBUG -U DEBUG  conftest.c >&5
configure:3740: $? = 0
configure:3740: result: yes
configure:3740: checking fcntl.h presence
configure:3740: gcc -E  conftest.c
configure:3740: $? = 0
configure:3740: result: yes
configure:3740: checking for fcntl.h
configure:3740: result: yes
configure:3740: checking limits.h usability
configure:3740: gcc -c -Wall -g0 -O3 -ansi -std=gnu99 -fPIC -pthread -Isrc -D SANDBOX  -D NDEBUG -U DEBUG  conftest.c >&5
configure:3740: $? = 0
configure:3740: result: yes
configure:3740: checking limits.h presence
configure:3740: gcc -E  conftest.c
configure:3740: $? = 0
configure:3740: result: yes
configure:3740: checking for limits.h
configure:3740: result: yes
configure:3740: checking for stdlib.h
configure:3740: result: yes
configure:3740: checking for string.h
configure:3740: result: yes
configure:3740: checking sched.h usability
configure:3740: gcc -c -Wall -g0 -O3 -ansi -std=gnu99 -fPIC -pthread -Isrc -D SANDBOX  -D NDEBUG -U DEBUG  conftest.c >&5
configure:3740: $? = 0
configure:3740: result: yes
configure:3740: checking sched.h presence
configure:3740: gcc -E  conftest.c
configure:3740: $? = 0
configure:3740: result: yes
configure:3740: checking for sched.h
configure:3740: result: yes
configure:3740: checking for unistd.h
configure:3740: result: yes
configure:3753: checking sys/ptrace.h usability
configure:3753: gcc -c -Wall -g0 -O3 -ansi -std=gnu99 -fPIC -pthread -Isrc -D SANDBOX  -D NDEBUG -U DEBUG  conftest.c >&5
configure:3753: $? = 0
configure:3753: result: yes
configure:3753: checking sys/ptrace.h presence
configure:3753: gcc -E  conftest.c
configure:3753: $? = 0
configure:3753: result: yes
configure:3753: checking for sys/ptrace.h
configure:3753: result: yes
configure:3753: checking sys/times.h usability
configure:3753: gcc -c -Wall -g0 -O3 -ansi -std=gnu99 -fPIC -pthread -Isrc -D SANDBOX  -D NDEBUG -U DEBUG  conftest.c >&5
configure:3753: $? = 0
configure:3753: result: yes
configure:3753: checking sys/times.h presence
configure:3753: gcc -E  conftest.c
configure:3753: $? = 0
configure:3753: result: yes
configure:3753: checking for sys/times.h
configure:3753: result: yes
configure:3753: checking sys/vfs.h usability
configure:3753: gcc -c -Wall -g0 -O3 -ansi -std=gnu99 -fPIC -pthread -Isrc -D SANDBOX  -D NDEBUG -U DEBUG  conftest.c >&5
configure:3753: $? = 0
configure:3753: result: yes
configure:3753: checking sys/vfs.h presence
configure:3753: gcc -E  conftest.c
configure:3753: $? = 0
configure:3753: result: yes
configure:3753: checking for sys/vfs.h
configure:3753: result: yes
configure:3753: checking sys/mount.h usability
configure:3753: gcc -c -Wall -g0 -O3 -ansi -std=gnu99 -fPIC -pthread -Isrc -D SANDBOX  -D NDEBUG -U DEBUG  conftest.c >&5
configure:3753: $? = 0
configure:3753: result: yes
configure:3753: checking sys/mount.h presence
configure:3753: gcc -E  conftest.c
configure:3753: $? = 0
configure:3753: result: yes
configure:3753: checking for sys/mount.h
configure:3753: result: yes
configure:3753: checking sys/param.h usability
configure:3753: gcc -c -Wall -g0 -O3 -ansi -std=gnu99 -fPIC -pthread -Isrc -D SANDBOX  -D NDEBUG -U DEBUG  conftest.c >&5
configure:3753: $? = 0
configure:3753: result: yes
configure:3753: checking sys/param.h presence
configure:3753: gcc -E  conftest.c
configure:3753: $? = 0
configure:3753: result: yes
configure:3753: checking for sys/param.h
configure:3753: result: yes
configure:3753: checking linux/magic.h usability
configure:3753: gcc -c -Wall -g0 -O3 -ansi -std=gnu99 -fPIC -pthread -Isrc -D SANDBOX  -D NDEBUG -U DEBUG  conftest.c >&5
configure:3753: $? = 0
configure:3753: result: yes
configure:3753: checking linux/magic.h presence
configure:3753: gcc -E  conftest.c
configure:3753: $? = 0
configure:3753: result: yes
configure:3753: checking for linux/magic.h
configure:3753: result: yes
configure:3765: checking for stdbool.h that conforms to C99
configure:3850: gcc -c -Wall -g0 -O3 -ansi -std=gnu99 -fPIC -pthread -Isrc -D SANDBOX  -D NDEBUG -U DEBUG  conftest.c >&5
conftest.c:61:2: warning: the address of 's' will always evaluate as 'true'
conftest.c: In function 'main':
conftest.c:105:10: warning: the address of 'a' will always evaluate as 'true'
conftest.c:105:15: warning: the address of 'b' will always evaluate as 'true'
conftest.c:105:20: warning: the address of 'c' will always evaluate as 'true'
conftest.c:105:25: warning: the address of 'd' will always evaluate as 'true'
conftest.c:105:35: warning: the address of 'f' will always evaluate as 'true'
conftest.c:105:40: warning: the address of 'g' will always evaluate as 'true'
conftest.c:105:45: warning: the address of 'h' will always evaluate as 'true'
conftest.c:105:50: warning: the address of 'i' will always evaluate as 'true'
conftest.c:106:10: warning: the address of 'n' will always evaluate as 'true'
conftest.c:106:15: warning: the address of 'o' will always evaluate as 'true'
conftest.c:106:20: warning: the address of 'p' will always evaluate as 'true'
configure:3850: $? = 0
configure:3857: result: yes
configure:3859: checking for _Bool
configure:3859: gcc -c -Wall -g0 -O3 -ansi -std=gnu99 -fPIC -pthread -Isrc -D SANDBOX  -D NDEBUG -U DEBUG  conftest.c >&5
configure:3859: $? = 0
configure:3859: gcc -c -Wall -g0 -O3 -ansi -std=gnu99 -fPIC -pthread -Isrc -D SANDBOX  -D NDEBUG -U DEBUG  conftest.c >&5
conftest.c: In function 'main':
conftest.c:70:20: error: expected expression before ')' token
configure:3859: $? = 1
configure: failed program was:
| /* confdefs.h */
| #define PACKAGE_NAME "sandbox"
| #define PACKAGE_TARNAME "sandbox"
| #define PACKAGE_VERSION "0.3.3"
| #define PACKAGE_STRING "sandbox 0.3.3"
| #define PACKAGE_BUGREPORT ""
| #define PACKAGE_URL "http://sourceforge.net/project/libsandbox"
| #define HAVE_PROCFS 1
| #define PROCFS "/proc"
| #define HAVE_LIBRT 1
| #define STDC_HEADERS 1
| #define HAVE_SYS_TYPES_H 1
| #define HAVE_SYS_STAT_H 1
| #define HAVE_STDLIB_H 1
| #define HAVE_STRING_H 1
| #define HAVE_MEMORY_H 1
| #define HAVE_STRINGS_H 1
| #define HAVE_INTTYPES_H 1
| #define HAVE_STDINT_H 1
| #define HAVE_UNISTD_H 1
| #define HAVE_FCNTL_H 1
| #define HAVE_LIMITS_H 1
| #define HAVE_STDLIB_H 1
| #define HAVE_STRING_H 1
| #define HAVE_SCHED_H 1
| #define HAVE_UNISTD_H 1
| #define HAVE_SYS_PTRACE_H 1
| #define HAVE_SYS_TIMES_H 1
| #define HAVE_SYS_VFS_H 1
| #define HAVE_SYS_MOUNT_H 1
| #define HAVE_SYS_PARAM_H 1
| #define HAVE_LINUX_MAGIC_H 1
| /* end confdefs.h.  */
| #include <stdio.h>
| #ifdef HAVE_SYS_TYPES_H
| # include <sys/types.h>
| #endif
| #ifdef HAVE_SYS_STAT_H
| # include <sys/stat.h>
| #endif
| #ifdef STDC_HEADERS
| # include <stdlib.h>
| # include <stddef.h>
| #else
| # ifdef HAVE_STDLIB_H
| #  include <stdlib.h>
| # endif
| #endif
| #ifdef HAVE_STRING_H
| # if !defined STDC_HEADERS && defined HAVE_MEMORY_H
| #  include <memory.h>
| # endif
| # include <string.h>
| #endif
| #ifdef HAVE_STRINGS_H
| # include <strings.h>
| #endif
| #ifdef HAVE_INTTYPES_H
| # include <inttypes.h>
| #endif
| #ifdef HAVE_STDINT_H
| # include <stdint.h>
| #endif
| #ifdef HAVE_UNISTD_H
| # include <unistd.h>
| #endif
| int
| main ()
| {
| if (sizeof ((_Bool)))
| 	    return 0;
|   ;
|   return 0;
| }
configure:3859: result: yes
configure:3875: checking for uid_t in sys/types.h
configure:3894: result: yes
configure:3905: checking for off_t
configure:3905: gcc -c -Wall -g0 -O3 -ansi -std=gnu99 -fPIC -pthread -Isrc -D SANDBOX  -D NDEBUG -U DEBUG  conftest.c >&5
configure:3905: $? = 0
configure:3905: gcc -c -Wall -g0 -O3 -ansi -std=gnu99 -fPIC -pthread -Isrc -D SANDBOX  -D NDEBUG -U DEBUG  conftest.c >&5
conftest.c: In function 'main':
conftest.c:72:20: error: expected expression before ')' token
configure:3905: $? = 1
configure: failed program was:
| /* confdefs.h */
| #define PACKAGE_NAME "sandbox"
| #define PACKAGE_TARNAME "sandbox"
| #define PACKAGE_VERSION "0.3.3"
| #define PACKAGE_STRING "sandbox 0.3.3"
| #define PACKAGE_BUGREPORT ""
| #define PACKAGE_URL "http://sourceforge.net/project/libsandbox"
| #define HAVE_PROCFS 1
| #define PROCFS "/proc"
| #define HAVE_LIBRT 1
| #define STDC_HEADERS 1
| #define HAVE_SYS_TYPES_H 1
| #define HAVE_SYS_STAT_H 1
| #define HAVE_STDLIB_H 1
| #define HAVE_STRING_H 1
| #define HAVE_MEMORY_H 1
| #define HAVE_STRINGS_H 1
| #define HAVE_INTTYPES_H 1
| #define HAVE_STDINT_H 1
| #define HAVE_UNISTD_H 1
| #define HAVE_FCNTL_H 1
| #define HAVE_LIMITS_H 1
| #define HAVE_STDLIB_H 1
| #define HAVE_STRING_H 1
| #define HAVE_SCHED_H 1
| #define HAVE_UNISTD_H 1
| #define HAVE_SYS_PTRACE_H 1
| #define HAVE_SYS_TIMES_H 1
| #define HAVE_SYS_VFS_H 1
| #define HAVE_SYS_MOUNT_H 1
| #define HAVE_SYS_PARAM_H 1
| #define HAVE_LINUX_MAGIC_H 1
| #define HAVE__BOOL 1
| #define HAVE_STDBOOL_H 1
| /* end confdefs.h.  */
| #include <stdio.h>
| #ifdef HAVE_SYS_TYPES_H
| # include <sys/types.h>
| #endif
| #ifdef HAVE_SYS_STAT_H
| # include <sys/stat.h>
| #endif
| #ifdef STDC_HEADERS
| # include <stdlib.h>
| # include <stddef.h>
| #else
| # ifdef HAVE_STDLIB_H
| #  include <stdlib.h>
| # endif
| #endif
| #ifdef HAVE_STRING_H
| # if !defined STDC_HEADERS && defined HAVE_MEMORY_H
| #  include <memory.h>
| # endif
| # include <string.h>
| #endif
| #ifdef HAVE_STRINGS_H
| # include <strings.h>
| #endif
| #ifdef HAVE_INTTYPES_H
| # include <inttypes.h>
| #endif
| #ifdef HAVE_STDINT_H
| # include <stdint.h>
| #endif
| #ifdef HAVE_UNISTD_H
| # include <unistd.h>
| #endif
| int
| main ()
| {
| if (sizeof ((off_t)))
| 	    return 0;
|   ;
|   return 0;
| }
configure:3905: result: yes
configure:3916: checking for pid_t
configure:3916: gcc -c -Wall -g0 -O3 -ansi -std=gnu99 -fPIC -pthread -Isrc -D SANDBOX  -D NDEBUG -U DEBUG  conftest.c >&5
configure:3916: $? = 0
configure:3916: gcc -c -Wall -g0 -O3 -ansi -std=gnu99 -fPIC -pthread -Isrc -D SANDBOX  -D NDEBUG -U DEBUG  conftest.c >&5
conftest.c: In function 'main':
conftest.c:72:20: error: expected expression before ')' token
configure:3916: $? = 1
configure: failed program was:
| /* confdefs.h */
| #define PACKAGE_NAME "sandbox"
| #define PACKAGE_TARNAME "sandbox"
| #define PACKAGE_VERSION "0.3.3"
| #define PACKAGE_STRING "sandbox 0.3.3"
| #define PACKAGE_BUGREPORT ""
| #define PACKAGE_URL "http://sourceforge.net/project/libsandbox"
| #define HAVE_PROCFS 1
| #define PROCFS "/proc"
| #define HAVE_LIBRT 1
| #define STDC_HEADERS 1
| #define HAVE_SYS_TYPES_H 1
| #define HAVE_SYS_STAT_H 1
| #define HAVE_STDLIB_H 1
| #define HAVE_STRING_H 1
| #define HAVE_MEMORY_H 1
| #define HAVE_STRINGS_H 1
| #define HAVE_INTTYPES_H 1
| #define HAVE_STDINT_H 1
| #define HAVE_UNISTD_H 1
| #define HAVE_FCNTL_H 1
| #define HAVE_LIMITS_H 1
| #define HAVE_STDLIB_H 1
| #define HAVE_STRING_H 1
| #define HAVE_SCHED_H 1
| #define HAVE_UNISTD_H 1
| #define HAVE_SYS_PTRACE_H 1
| #define HAVE_SYS_TIMES_H 1
| #define HAVE_SYS_VFS_H 1
| #define HAVE_SYS_MOUNT_H 1
| #define HAVE_SYS_PARAM_H 1
| #define HAVE_LINUX_MAGIC_H 1
| #define HAVE__BOOL 1
| #define HAVE_STDBOOL_H 1
| /* end confdefs.h.  */
| #include <stdio.h>
| #ifdef HAVE_SYS_TYPES_H
| # include <sys/types.h>
| #endif
| #ifdef HAVE_SYS_STAT_H
| # include <sys/stat.h>
| #endif
| #ifdef STDC_HEADERS
| # include <stdlib.h>
| # include <stddef.h>
| #else
| # ifdef HAVE_STDLIB_H
| #  include <stdlib.h>
| # endif
| #endif
| #ifdef HAVE_STRING_H
| # if !defined STDC_HEADERS && defined HAVE_MEMORY_H
| #  include <memory.h>
| # endif
| # include <string.h>
| #endif
| #ifdef HAVE_STRINGS_H
| # include <strings.h>
| #endif
| #ifdef HAVE_INTTYPES_H
| # include <inttypes.h>
| #endif
| #ifdef HAVE_STDINT_H
| # include <stdint.h>
| #endif
| #ifdef HAVE_UNISTD_H
| # include <unistd.h>
| #endif
| int
| main ()
| {
| if (sizeof ((pid_t)))
| 	    return 0;
|   ;
|   return 0;
| }
configure:3916: result: yes
configure:3931: checking vfork.h usability
configure:3931: gcc -c -Wall -g0 -O3 -ansi -std=gnu99 -fPIC -pthread -Isrc -D SANDBOX  -D NDEBUG -U DEBUG  conftest.c >&5
conftest.c:69:19: fatal error: vfork.h: No such file or directory
compilation terminated.
configure:3931: $? = 1
configure: failed program was:
| /* confdefs.h */
| #define PACKAGE_NAME "sandbox"
| #define PACKAGE_TARNAME "sandbox"
| #define PACKAGE_VERSION "0.3.3"
| #define PACKAGE_STRING "sandbox 0.3.3"
| #define PACKAGE_BUGREPORT ""
| #define PACKAGE_URL "http://sourceforge.net/project/libsandbox"
| #define HAVE_PROCFS 1
| #define PROCFS "/proc"
| #define HAVE_LIBRT 1
| #define STDC_HEADERS 1
| #define HAVE_SYS_TYPES_H 1
| #define HAVE_SYS_STAT_H 1
| #define HAVE_STDLIB_H 1
| #define HAVE_STRING_H 1
| #define HAVE_MEMORY_H 1
| #define HAVE_STRINGS_H 1
| #define HAVE_INTTYPES_H 1
| #define HAVE_STDINT_H 1
| #define HAVE_UNISTD_H 1
| #define HAVE_FCNTL_H 1
| #define HAVE_LIMITS_H 1
| #define HAVE_STDLIB_H 1
| #define HAVE_STRING_H 1
| #define HAVE_SCHED_H 1
| #define HAVE_UNISTD_H 1
| #define HAVE_SYS_PTRACE_H 1
| #define HAVE_SYS_TIMES_H 1
| #define HAVE_SYS_VFS_H 1
| #define HAVE_SYS_MOUNT_H 1
| #define HAVE_SYS_PARAM_H 1
| #define HAVE_LINUX_MAGIC_H 1
| #define HAVE__BOOL 1
| #define HAVE_STDBOOL_H 1
| /* end confdefs.h.  */
| #include <stdio.h>
| #ifdef HAVE_SYS_TYPES_H
| # include <sys/types.h>
| #endif
| #ifdef HAVE_SYS_STAT_H
| # include <sys/stat.h>
| #endif
| #ifdef STDC_HEADERS
| # include <stdlib.h>
| # include <stddef.h>
| #else
| # ifdef HAVE_STDLIB_H
| #  include <stdlib.h>
| # endif
| #endif
| #ifdef HAVE_STRING_H
| # if !defined STDC_HEADERS && defined HAVE_MEMORY_H
| #  include <memory.h>
| # endif
| # include <string.h>
| #endif
| #ifdef HAVE_STRINGS_H
| # include <strings.h>
| #endif
| #ifdef HAVE_INTTYPES_H
| # include <inttypes.h>
| #endif
| #ifdef HAVE_STDINT_H
| # include <stdint.h>
| #endif
| #ifdef HAVE_UNISTD_H
| # include <unistd.h>
| #endif
| #include <vfork.h>
configure:3931: result: no
configure:3931: checking vfork.h presence
configure:3931: gcc -E  conftest.c
conftest.c:36:19: fatal error: vfork.h: No such file or directory
compilation terminated.
configure:3931: $? = 1
configure: failed program was:
| /* confdefs.h */
| #define PACKAGE_NAME "sandbox"
| #define PACKAGE_TARNAME "sandbox"
| #define PACKAGE_VERSION "0.3.3"
| #define PACKAGE_STRING "sandbox 0.3.3"
| #define PACKAGE_BUGREPORT ""
| #define PACKAGE_URL "http://sourceforge.net/project/libsandbox"
| #define HAVE_PROCFS 1
| #define PROCFS "/proc"
| #define HAVE_LIBRT 1
| #define STDC_HEADERS 1
| #define HAVE_SYS_TYPES_H 1
| #define HAVE_SYS_STAT_H 1
| #define HAVE_STDLIB_H 1
| #define HAVE_STRING_H 1
| #define HAVE_MEMORY_H 1
| #define HAVE_STRINGS_H 1
| #define HAVE_INTTYPES_H 1
| #define HAVE_STDINT_H 1
| #define HAVE_UNISTD_H 1
| #define HAVE_FCNTL_H 1
| #define HAVE_LIMITS_H 1
| #define HAVE_STDLIB_H 1
| #define HAVE_STRING_H 1
| #define HAVE_SCHED_H 1
| #define HAVE_UNISTD_H 1
| #define HAVE_SYS_PTRACE_H 1
| #define HAVE_SYS_TIMES_H 1
| #define HAVE_SYS_VFS_H 1
| #define HAVE_SYS_MOUNT_H 1
| #define HAVE_SYS_PARAM_H 1
| #define HAVE_LINUX_MAGIC_H 1
| #define HAVE__BOOL 1
| #define HAVE_STDBOOL_H 1
| /* end confdefs.h.  */
| #include <vfork.h>
configure:3931: result: no
configure:3931: checking for vfork.h
configure:3931: result: no
configure:3944: checking for fork
configure:3944: gcc -o conftest -Wall -g0 -O3 -ansi -std=gnu99 -fPIC -pthread -Isrc -D SANDBOX  -D NDEBUG -U DEBUG   conftest.c -lrt  >&5
conftest.c:59:6: warning: conflicting types for built-in function 'fork'
configure:3944: $? = 0
configure:3944: result: yes
configure:3944: checking for vfork
configure:3944: gcc -o conftest -Wall -g0 -O3 -ansi -std=gnu99 -fPIC -pthread -Isrc -D SANDBOX  -D NDEBUG -U DEBUG   conftest.c -lrt  >&5
configure:3944: $? = 0
configure:3944: result: yes
configure:3954: checking for working fork
configure:3976: gcc -o conftest -Wall -g0 -O3 -ansi -std=gnu99 -fPIC -pthread -Isrc -D SANDBOX  -D NDEBUG -U DEBUG   conftest.c -lrt  >&5
configure:3976: $? = 0
configure:3976: ./conftest
configure:3976: $? = 0
configure:3986: result: yes
configure:4007: checking for working vfork
configure:4117: result: yes
configure:4145: checking for dup2
configure:4145: gcc -o conftest -Wall -g0 -O3 -ansi -std=gnu99 -fPIC -pthread -Isrc -D SANDBOX  -D NDEBUG -U DEBUG   conftest.c -lrt  >&5
configure:4145: $? = 0
configure:4145: result: yes
configure:4145: checking for getpagesize
configure:4145: gcc -o conftest -Wall -g0 -O3 -ansi -std=gnu99 -fPIC -pthread -Isrc -D SANDBOX  -D NDEBUG -U DEBUG   conftest.c -lrt  >&5
configure:4145: $? = 0
configure:4145: result: yes
configure:4145: checking for memset
configure:4145: gcc -o conftest -Wall -g0 -O3 -ansi -std=gnu99 -fPIC -pthread -Isrc -D SANDBOX  -D NDEBUG -U DEBUG   conftest.c -lrt  >&5
conftest.c:65:6: warning: conflicting types for built-in function 'memset'
configure:4145: $? = 0
configure:4145: result: yes
configure:4145: checking for ptrace
configure:4145: gcc -o conftest -Wall -g0 -O3 -ansi -std=gnu99 -fPIC -pthread -Isrc -D SANDBOX  -D NDEBUG -U DEBUG   conftest.c -lrt  >&5
configure:4145: $? = 0
configure:4145: result: yes
configure:4145: checking for strerror
configure:4145: gcc -o conftest -Wall -g0 -O3 -ansi -std=gnu99 -fPIC -pthread -Isrc -D SANDBOX  -D NDEBUG -U DEBUG   conftest.c -lrt  >&5
configure:4145: $? = 0
configure:4145: result: yes
configure:4145: checking for strstr
configure:4145: gcc -o conftest -Wall -g0 -O3 -ansi -std=gnu99 -fPIC -pthread -Isrc -D SANDBOX  -D NDEBUG -U DEBUG   conftest.c -lrt  >&5
conftest.c:68:6: warning: conflicting types for built-in function 'strstr'
configure:4145: $? = 0
configure:4145: result: yes
configure:4145: checking for statfs
configure:4145: gcc -o conftest -Wall -g0 -O3 -ansi -std=gnu99 -fPIC -pthread -Isrc -D SANDBOX  -D NDEBUG -U DEBUG   conftest.c -lrt  >&5
configure:4145: $? = 0
configure:4145: result: yes
configure:4260: creating ./config.status

## ---------------------- ##
## Running config.status. ##
## ---------------------- ##

This file was extended by sandbox config.status 0.3.3, which was
generated by GNU Autoconf 2.67.  Invocation command line was

  CONFIG_FILES    = 
  CONFIG_HEADERS  = 
  CONFIG_LINKS    = 
  CONFIG_COMMANDS = 
  $ ./config.status 

on ltsp2

config.status:847: creating Makefile
config.status:847: creating src/config.h
config.status:1027: src/config.h is unchanged

## ---------------- ##
## Cache variables. ##
## ---------------- ##

ac_cv_c_compiler_gnu=yes
ac_cv_env_CC_set=
ac_cv_env_CC_value=
ac_cv_env_CFLAGS_set=
ac_cv_env_CFLAGS_value=
ac_cv_env_CPPFLAGS_set=
ac_cv_env_CPPFLAGS_value=
ac_cv_env_CPP_set=
ac_cv_env_CPP_value=
ac_cv_env_LDFLAGS_set=
ac_cv_env_LDFLAGS_value=
ac_cv_env_LIBS_set=
ac_cv_env_LIBS_value=
ac_cv_env_build_alias_set=
ac_cv_env_build_alias_value=
ac_cv_env_host_alias_set=
ac_cv_env_host_alias_value=
ac_cv_env_target_alias_set=
ac_cv_env_target_alias_value=
ac_cv_func_dup2=yes
ac_cv_func_fork=yes
ac_cv_func_fork_works=yes
ac_cv_func_getpagesize=yes
ac_cv_func_memset=yes
ac_cv_func_ptrace=yes
ac_cv_func_statfs=yes
ac_cv_func_strerror=yes
ac_cv_func_strstr=yes
ac_cv_func_vfork=yes
ac_cv_func_vfork_works=yes
ac_cv_header_fcntl_h=yes
ac_cv_header_inttypes_h=yes
ac_cv_header_limits_h=yes
ac_cv_header_linux_magic_h=yes
ac_cv_header_memory_h=yes
ac_cv_header_sched_h=yes
ac_cv_header_stdbool_h=yes
ac_cv_header_stdc=yes
ac_cv_header_stdint_h=yes
ac_cv_header_stdlib_h=yes
ac_cv_header_string_h=yes
ac_cv_header_strings_h=yes
ac_cv_header_sys_mount_h=yes
ac_cv_header_sys_param_h=yes
ac_cv_header_sys_ptrace_h=yes
ac_cv_header_sys_stat_h=yes
ac_cv_header_sys_times_h=yes
ac_cv_header_sys_types_h=yes
ac_cv_header_sys_vfs_h=yes
ac_cv_header_unistd_h=yes
ac_cv_header_vfork_h=no
ac_cv_lib_rt_clock_getcpuclockid__clock_create__clock_gettime__timer_create__timer_settime__timer_delete=yes
ac_cv_objext=o
ac_cv_path_AR=/usr/bin/ar
ac_cv_path_EGREP='/bin/grep -E'
ac_cv_path_GREP=/bin/grep
ac_cv_path_TAR=/bin/tar
ac_cv_path_install='/usr/bin/install -c'
ac_cv_path_mkdir=/bin/mkdir
ac_cv_prog_AWK=gawk
ac_cv_prog_CPP='gcc -E'
ac_cv_prog_ac_ct_CC=gcc
ac_cv_prog_cc_c89=
ac_cv_prog_cc_g=yes
ac_cv_type__Bool=yes
ac_cv_type_off_t=yes
ac_cv_type_pid_t=yes
ac_cv_type_uid_t=yes

## ----------------- ##
## Output variables. ##
## ----------------- ##

AR='/usr/bin/ar'
AWK='gawk'
CC='gcc'
CFLAGS='-Wall -g0 -O3 -ansi -std=gnu99 -fPIC -pthread -Isrc -D SANDBOX  -D NDEBUG -U DEBUG'
CPP='gcc -E'
CPPFLAGS=''
DEFS='-DHAVE_CONFIG_H'
ECHO_C=''
ECHO_N='-n'
ECHO_T=''
EGREP='/bin/grep -E'
EXEEXT=''
GREP='/bin/grep'
INSTALL_DATA='${INSTALL} -m 644'
INSTALL_PROGRAM='${INSTALL}'
INSTALL_SCRIPT='${INSTALL}'
LDFLAGS=''
LIBOBJS=''
LIBS='-lrt '
LN_S='ln -s'
LTLIBOBJS=''
MKDIR_P='/bin/mkdir -p'
OBJEXT='o'
PACKAGE_BUGREPORT=''
PACKAGE_NAME='sandbox'
PACKAGE_RELEASE='rc3'
PACKAGE_STRING='sandbox 0.3.3'
PACKAGE_TARNAME='sandbox'
PACKAGE_URL='http://sourceforge.net/project/libsandbox'
PACKAGE_VERSION='0.3.3'
PATH_SEPARATOR=':'
SHELL='/bin/sh'
TAR='/bin/tar'
ac_ct_CC='gcc'
bindir='${exec_prefix}/bin'
build_alias=''
datadir='${datarootdir}'
datarootdir='${prefix}/share'
docdir='${datarootdir}/doc/${PACKAGE_TARNAME}'
dvidir='${docdir}'
exec_prefix='${prefix}'
host_alias=''
htmldir='${docdir}'
includedir='${prefix}/include'
infodir='${datarootdir}/info'
libdir='${exec_prefix}/lib'
libexecdir='${exec_prefix}/libexec'
localedir='${datarootdir}/locale'
localstatedir='${prefix}/var'
mandir='${datarootdir}/man'
oldincludedir='/usr/include'
pdfdir='${docdir}'
prefix='/usr/local'
program_transform_name='s,x,x,'
psdir='${docdir}'
sbindir='${exec_prefix}/sbin'
sharedstatedir='${prefix}/com'
sysconfdir='${prefix}/etc'
target_alias=''

## ----------- ##
## confdefs.h. ##
## ----------- ##

/* confdefs.h */
#define PACKAGE_NAME "sandbox"
#define PACKAGE_TARNAME "sandbox"
#define PACKAGE_VERSION "0.3.3"
#define PACKAGE_STRING "sandbox 0.3.3"
#define PACKAGE_BUGREPORT ""
#define PACKAGE_URL "http://sourceforge.net/project/libsandbox"
#define HAVE_PROCFS 1
#define PROCFS "/proc"
#define HAVE_LIBRT 1
#define STDC_HEADERS 1
#define HAVE_SYS_TYPES_H 1
#define HAVE_SYS_STAT_H 1
#define HAVE_STDLIB_H 1
#define HAVE_STRING_H 1
#define HAVE_MEMORY_H 1
#define HAVE_STRINGS_H 1
#define HAVE_INTTYPES_H 1
#define HAVE_STDINT_H 1
#define HAVE_UNISTD_H 1
#define HAVE_FCNTL_H 1
#define HAVE_LIMITS_H 1
#define HAVE_STDLIB_H 1
#define HAVE_STRING_H 1
#define HAVE_SCHED_H 1
#define HAVE_UNISTD_H 1
#define HAVE_SYS_PTRACE_H 1
#define HAVE_SYS_TIMES_H 1
#define HAVE_SYS_VFS_H 1
#define HAVE_SYS_MOUNT_H 1
#define HAVE_SYS_PARAM_H 1
#define HAVE_LINUX_MAGIC_H 1
#define HAVE__BOOL 1
#define HAVE_STDBOOL_H 1
#define HAVE_FORK 1
#define HAVE_VFORK 1
#define HAVE_WORKING_VFORK 1
#define HAVE_WORKING_FORK 1
#define HAVE_DUP2 1
#define HAVE_GETPAGESIZE 1
#define HAVE_MEMSET 1
#define HAVE_PTRACE 1
#define HAVE_STRERROR 1
#define HAVE_STRSTR 1
#define HAVE_STATFS 1

configure: exit 0
